The system is: Windows - 10.0.19044 - AMD64
Compiling the C compiler identification source file "CMakeCCompilerId.c" succeeded.
Compiler:  
Build flags: 
Id flags:  

The output was:
0
.NET Framework i‡in Microsoft (R) Build Engine srm 17.2.1+52cd2da31
Telif Hakk (C) Microsoft Corporation. Tm haklar sakldr.

OluŸturma baŸlatld: 28.06.2022 14:12:49.
1 d§mnde "C:\Users\Fevzi €akmak\Desktop\Projem\build\CMakeFiles\3.24.0-rc2\CompilerIdC\CompilerIdC.vcxproj" projesi (varsaylan hedefler).
PrepareForBuild:
  "Debug\" dizini oluŸturuluyor.
  "Debug\CompilerIdC.tlog\" dizini oluŸturuluyor.
InitializeBuildStatus:
  "AlwaysCreate" belirtildi§i i‡in "Debug\CompilerIdC.tlog\unsuccessfulbuild" oluŸturuluyor.
ClCompile:
  C:\Program Files\Microsoft Visual Studio\2022\Community\VC\Tools\MSVC\14.32.31326\bin\HostX64\x64\CL.exe /c /nologo /W0 /WX- /diagnostics:column /Od /D _MBCS /Gm- /EHsc /RTC1 /MDd /GS /fp:precise /Zc:wchar_t /Zc:forScope /Zc:inline /Fo"Debug\\" /Fd"Debug\vc143.pdb" /external:W0 /Gd /TC /FC /errorReport:queue CMakeCCompilerId.c
  CMakeCCompilerId.c
Link:
  C:\Program Files\Microsoft Visual Studio\2022\Community\VC\Tools\MSVC\14.32.31326\bin\HostX64\x64\link.exe /ERRORREPORT:QUEUE /OUT:".\CompilerIdC.exe" /INCREMENTAL:NO /NOLOGO kernel32.lib user32.lib gdi32.lib winspool.lib comdlg32.lib advapi32.lib shell32.lib ole32.lib oleaut32.lib uuid.lib odbc32.lib odbccp32.lib /MANIFEST /MANIFESTUAC:"level='asInvoker' uiAccess='false'" /manifest:embed /PDB:".\CompilerIdC.pdb" /SUBSYSTEM:CONSOLE /TLBID:1 /DYNAMICBASE /NXCOMPAT /IMPLIB:".\CompilerIdC.lib" /MACHINE:X64 Debug\CMakeCCompilerId.obj
  CompilerIdC.vcxproj -> C:\Users\Fevzi €akmak\Desktop\Projem\build\CMakeFiles\3.24.0-rc2\CompilerIdC\CompilerIdC.exe
PostBuildEvent:
  for %%i in (cl.exe) do @echo CMAKE_C_COMPILER=%%~$PATH:i
  :VCEnd
  CMAKE_C_COMPILER=C:\Program Files\Microsoft Visual Studio\2022\Community\VC\Tools\MSVC\14.32.31326\bin\Hostx64\x64\cl.exe
FinalizeBuildStatus:
  "Debug\CompilerIdC.tlog\unsuccessfulbuild" dosyas siliniyor.
  "Debug\CompilerIdC.tlog\CompilerIdC.lastbuildstate" ”§esine eriŸiliyor.
"C:\Users\Fevzi €akmak\Desktop\Projem\build\CMakeFiles\3.24.0-rc2\CompilerIdC\CompilerIdC.vcxproj" Projesini OluŸturma ˜Ÿlemi Tamamland (varsaylan hedefler).

OluŸturma baŸarl oldu.
    0 Uyar
    0 Hata

Ge‡en Sre 00:00:01.95


Compilation of the C compiler identification source "CMakeCCompilerId.c" produced "CompilerIdC.exe"

Compilation of the C compiler identification source "CMakeCCompilerId.c" produced "CompilerIdC.vcxproj"

The C compiler identification is MSVC, found in "C:/Users/Fevzi Çakmak/Desktop/Projem/build/CMakeFiles/3.24.0-rc2/CompilerIdC/CompilerIdC.exe"

Compiling the CXX compiler identification source file "CMakeCXXCompilerId.cpp" succeeded.
Compiler:  
Build flags: 
Id flags:  

The output was:
0
.NET Framework i‡in Microsoft (R) Build Engine srm 17.2.1+52cd2da31
Telif Hakk (C) Microsoft Corporation. Tm haklar sakldr.

OluŸturma baŸlatld: 28.06.2022 14:12:51.
1 d§mnde "C:\Users\Fevzi €akmak\Desktop\Projem\build\CMakeFiles\3.24.0-rc2\CompilerIdCXX\CompilerIdCXX.vcxproj" projesi (varsaylan hedefler).
PrepareForBuild:
  "Debug\" dizini oluŸturuluyor.
  "Debug\CompilerIdCXX.tlog\" dizini oluŸturuluyor.
InitializeBuildStatus:
  "AlwaysCreate" belirtildi§i i‡in "Debug\CompilerIdCXX.tlog\unsuccessfulbuild" oluŸturuluyor.
ClCompile:
  C:\Program Files\Microsoft Visual Studio\2022\Community\VC\Tools\MSVC\14.32.31326\bin\HostX64\x64\CL.exe /c /nologo /W0 /WX- /diagnostics:column /Od /D _MBCS /Gm- /EHsc /RTC1 /MDd /GS /fp:precise /Zc:wchar_t /Zc:forScope /Zc:inline /Fo"Debug\\" /Fd"Debug\vc143.pdb" /external:W0 /Gd /TP /FC /errorReport:queue CMakeCXXCompilerId.cpp
  CMakeCXXCompilerId.cpp
Link:
  C:\Program Files\Microsoft Visual Studio\2022\Community\VC\Tools\MSVC\14.32.31326\bin\HostX64\x64\link.exe /ERRORREPORT:QUEUE /OUT:".\CompilerIdCXX.exe" /INCREMENTAL:NO /NOLOGO kernel32.lib user32.lib gdi32.lib winspool.lib comdlg32.lib advapi32.lib shell32.lib ole32.lib oleaut32.lib uuid.lib odbc32.lib odbccp32.lib /MANIFEST /MANIFESTUAC:"level='asInvoker' uiAccess='false'" /manifest:embed /PDB:".\CompilerIdCXX.pdb" /SUBSYSTEM:CONSOLE /TLBID:1 /DYNAMICBASE /NXCOMPAT /IMPLIB:".\CompilerIdCXX.lib" /MACHINE:X64 Debug\CMakeCXXCompilerId.obj
  CompilerIdCXX.vcxproj -> C:\Users\Fevzi €akmak\Desktop\Projem\build\CMakeFiles\3.24.0-rc2\CompilerIdCXX\CompilerIdCXX.exe
PostBuildEvent:
  for %%i in (cl.exe) do @echo CMAKE_CXX_COMPILER=%%~$PATH:i
  :VCEnd
  CMAKE_CXX_COMPILER=C:\Program Files\Microsoft Visual Studio\2022\Community\VC\Tools\MSVC\14.32.31326\bin\Hostx64\x64\cl.exe
FinalizeBuildStatus:
  "Debug\CompilerIdCXX.tlog\unsuccessfulbuild" dosyas siliniyor.
  "Debug\CompilerIdCXX.tlog\CompilerIdCXX.lastbuildstate" ”§esine eriŸiliyor.
"C:\Users\Fevzi €akmak\Desktop\Projem\build\CMakeFiles\3.24.0-rc2\CompilerIdCXX\CompilerIdCXX.vcxproj" Projesini OluŸturma ˜Ÿlemi Tamamland (varsaylan hedefler).

OluŸturma baŸarl oldu.
    0 Uyar
    0 Hata

Ge‡en Sre 00:00:02.28


Compilation of the CXX compiler identification source "CMakeCXXCompilerId.cpp" produced "CompilerIdCXX.exe"

Compilation of the CXX compiler identification source "CMakeCXXCompilerId.cpp" produced "CompilerIdCXX.vcxproj"

The CXX compiler identification is MSVC, found in "C:/Users/Fevzi Çakmak/Desktop/Projem/build/CMakeFiles/3.24.0-rc2/CompilerIdCXX/CompilerIdCXX.exe"

Detecting C compiler ABI info compiled with the following output:
Change Dir: C:/Users/Fevzi Çakmak/Desktop/Projem/build/CMakeFiles/CMakeTmp

Run Build Command(s):C:/Program Files/Microsoft Visual Studio/2022/Community/MSBuild/Current/Bin/amd64/MSBuild.exe cmTC_5cc63.vcxproj /p:Configuration=Debug /p:Platform=x64 /p:VisualStudioVersion=17.0 /v:m && .NET Framework i‡in Microsoft (R) Build Engine srm 17.2.1+52cd2da31
Telif Hakk (C) Microsoft Corporation. Tm haklar sakldr.

  x64 i‡in Microsoft (R) C/C++ ˜yileŸtirmeli Derleyicisi Srm 19.32.31332
  CMakeCCompilerABI.c
  Telif Hakk (C) Microsoft Corporation. Tm haklar sakldr.
  cl /c /Zi /W1 /WX- /diagnostics:column /Od /Ob0 /D _MBCS /D WIN32 /D _WINDOWS /D "CMAKE_INTDIR=\"Debug\"" /Gm- /RTC1 /MDd /GS /fp:precise /Zc:wchar_t /Zc:forScope /Zc:inline /Fo"cmTC_5cc63.dir\Debug\\" /Fd"cmTC_5cc63.dir\Debug\vc143.pdb" /external:W1 /Gd /TC /errorReport:queue "C:\Program Files\CMake\share\cmake-3.24\Modules\CMakeCCompilerABI.c"
  cmTC_5cc63.vcxproj -> C:\Users\Fevzi €akmak\Desktop\Projem\build\CMakeFiles\CMakeTmp\Debug\cmTC_5cc63.exe



Detecting CXX compiler ABI info compiled with the following output:
Change Dir: C:/Users/Fevzi Çakmak/Desktop/Projem/build/CMakeFiles/CMakeTmp

Run Build Command(s):C:/Program Files/Microsoft Visual Studio/2022/Community/MSBuild/Current/Bin/amd64/MSBuild.exe cmTC_db45c.vcxproj /p:Configuration=Debug /p:Platform=x64 /p:VisualStudioVersion=17.0 /v:m && .NET Framework i‡in Microsoft (R) Build Engine srm 17.2.1+52cd2da31
Telif Hakk (C) Microsoft Corporation. Tm haklar sakldr.

  x64 i‡in Microsoft (R) C/C++ ˜yileŸtirmeli Derleyicisi Srm 19.32.31332
  CMakeCXXCompilerABI.cpp
  Telif Hakk (C) Microsoft Corporation. Tm haklar sakldr.
  cl /c /Zi /W1 /WX- /diagnostics:column /Od /Ob0 /D _MBCS /D WIN32 /D _WINDOWS /D "CMAKE_INTDIR=\"Debug\"" /Gm- /EHsc /RTC1 /MDd /GS /fp:precise /Zc:wchar_t /Zc:forScope /Zc:inline /Fo"cmTC_db45c.dir\Debug\\" /Fd"cmTC_db45c.dir\Debug\vc143.pdb" /external:W1 /Gd /TP /errorReport:queue "C:\Program Files\CMake\share\cmake-3.24\Modules\CMakeCXXCompilerABI.cpp"
  cmTC_db45c.vcxproj -> C:\Users\Fevzi €akmak\Desktop\Projem\build\CMakeFiles\CMakeTmp\Debug\cmTC_db45c.exe



